<?xml version="1.0" encoding="UTF-8"?>
<testsuite xmlns:xsi="http://www.w3.org/2001/XMLSchema-instance" xsi:noNamespaceSchemaLocation="https://maven.apache.org/surefire/maven-surefire-plugin/xsd/surefire-test-report-3.0.xsd" version="3.0" name="com.reservation.hotel.services.ReservationCancellationSchedulerTest" time="0.003" tests="1" errors="0" skipped="0" failures="0">
  <properties>
[...]
</properties>
  <testcase name="testAutoCancelPendingReservationsShouldCancelReservationsSuccessfully" classname="com.reservation.hotel.services.ReservationCancellationSchedulerTest" time="0.002">
    <system-out><![CDATA[08:43:09.849 [main] INFO com.reservation.hotel.services.ReservationCancellationScheduler -- Running auto-cancellation scheduler
08:43:09.849 [main] INFO com.reservation.hotel.services.ReservationCancellationScheduler -- Auto-cancelled 5 reservation(s)
]]></system-out>
  </testcase>
</testsuite>